<?xml version="1.0" encoding="UTF-8"?>
<!-- Generated by org.testng.reporters.JUnitXMLReporter -->
<testsuite ignored="0" hostname="LAPTOP-TUANAN" failures="0" tests="2" name="Global Test" time="13.221" errors="0" timestamp="2022-01-21T23:07:52 ICT">
  <testcase classname="lesson21Practice.tests.global.HomepageTest" name="testHomePageSideBlock" time="7.633"/>
  <testcase classname="lesson21Practice.tests.global.HomepageTest02" name="testHomePageSideBlock" time="5.565"/>
</testsuite> <!-- Global Test -->
