<?xml version="1.0" encoding="UTF-8"?>
<!-- Generated by org.testng.reporters.JUnitXMLReporter -->
<testsuite ignored="0" hostname="LAPTOP-TUANAN" failures="0" tests="2" name="Test Item Details" time="8.32" errors="0" timestamp="2022-01-21T23:08:00 ICT">
  <testcase classname="lesson21Practice.tests.testItem.ApparelAndShoesTest" name="testItemDetailsPage" time="4.38"/>
  <testcase classname="lesson21Practice.tests.testItem.ComputerTest" name="testComputerDetailsPage" time="3.938"/>
</testsuite> <!-- Test Item Details -->
