<?xml version="1.0" encoding="UTF-8"?>
<testsuite xmlns:xsi="http://www.w3.org/2001/XMLSchema-instance" xsi:noNamespaceSchemaLocation="https://maven.apache.org/surefire/maven-surefire-plugin/xsd/surefire-test-report-3.0.xsd" version="3.0" name="TestSuite" time="22.213" tests="4" errors="0" skipped="0" failures="0">
  <properties>
[...]
</properties>
  <testcase name="testHomePageSideBlock" classname="lesson21Practice.tests.global.HomepageTest" time="7.662">
    <system-out><![CDATA[Before Suite
INFORMATION
Sitemap|http://demowebshop.tricentis.com/sitemap
Shipping & Returns|http://demowebshop.tricentis.com/shipping-returns
Privacy Notice|http://demowebshop.tricentis.com/privacy-policy
Conditions of Use|http://demowebshop.tricentis.com/conditions-of-use
About us|http://demowebshop.tricentis.com/about-us
Contact us|http://demowebshop.tricentis.com/contactus
FOLLOW US
Facebook|http://www.facebook.com/nopCommerce
Twitter|https://twitter.com/nopCommerce
RSS|http://demowebshop.tricentis.com/news/rss/1
YouTube|http://www.youtube.com/user/nopCommerce
Google+|https://plus.google.com/+nopcommerce
MY ACCOUNT
My account|http://demowebshop.tricentis.com/customer/info
Orders|http://demowebshop.tricentis.com/customer/orders
Addresses|http://demowebshop.tricentis.com/customer/addresses
Shopping cart|http://demowebshop.tricentis.com/cart
Wishlist|http://demowebshop.tricentis.com/wishlist
CUSTOMER SERVICE
Search|http://demowebshop.tricentis.com/search
News|http://demowebshop.tricentis.com/news
Blog|http://demowebshop.tricentis.com/blog
Recently viewed products|http://demowebshop.tricentis.com/recentlyviewedproducts
Compare products list|http://demowebshop.tricentis.com/compareproducts
New products|http://demowebshop.tricentis.com/newproducts
CATEGORIES
Books|http://demowebshop.tricentis.com/books
Computers|http://demowebshop.tricentis.com/computers
Electronics|http://demowebshop.tricentis.com/electronics
Apparel & Shoes|http://demowebshop.tricentis.com/apparel-shoes
Digital downloads|http://demowebshop.tricentis.com/digital-downloads
Jewelry|http://demowebshop.tricentis.com/jewelry
Gift Cards|http://demowebshop.tricentis.com/gift-cards
MANUFACTURERS
Tricentis|http://demowebshop.tricentis.com/tricentis
]]></system-out>
    <system-err><![CDATA[SLF4J: Failed to load class "org.slf4j.impl.StaticLoggerBinder".
SLF4J: Defaulting to no-operation (NOP) logger implementation
SLF4J: See http://www.slf4j.org/codes.html#StaticLoggerBinder for further details.
Starting ChromeDriver 97.0.4692.71 (adefa7837d02a07a604c1e6eff0b3a09422ab88d-refs/branch-heads/4692@{#1247}) on port 57354
Only local connections are allowed.
Please see https://chromedriver.chromium.org/security-considerations for suggestions on keeping ChromeDriver safe.
ChromeDriver was started successfully.
Jan 21, 2022 11:07:41 PM org.openqa.selenium.remote.ProtocolHandshake createSession
INFO: Detected dialect: W3C
Jan 21, 2022 11:07:41 PM org.openqa.selenium.devtools.CdpVersionFinder findNearestMatch
WARNING: Unable to find an exact match for CDP version 97, so returning the closest version found: 96
Jan 21, 2022 11:07:41 PM org.openqa.selenium.devtools.CdpVersionFinder findNearestMatch
INFO: Found CDP implementation for version 97 of 96
]]></system-err>
  </testcase>
  <testcase name="testHomePageSideBlock" classname="lesson21Practice.tests.global.HomepageTest02" time="5.559">
    <system-out><![CDATA[INFORMATION
Sitemap|http://demowebshop.tricentis.com/sitemap
Shipping & Returns|http://demowebshop.tricentis.com/shipping-returns
Privacy Notice|http://demowebshop.tricentis.com/privacy-policy
Conditions of Use|http://demowebshop.tricentis.com/conditions-of-use
About us|http://demowebshop.tricentis.com/about-us
Contact us|http://demowebshop.tricentis.com/contactus
FOLLOW US
Facebook|http://www.facebook.com/nopCommerce
Twitter|https://twitter.com/nopCommerce
RSS|http://demowebshop.tricentis.com/news/rss/1
YouTube|http://www.youtube.com/user/nopCommerce
Google+|https://plus.google.com/+nopcommerce
MY ACCOUNT
My account|http://demowebshop.tricentis.com/customer/info
Orders|http://demowebshop.tricentis.com/customer/orders
Addresses|http://demowebshop.tricentis.com/customer/addresses
Shopping cart|http://demowebshop.tricentis.com/cart
Wishlist|http://demowebshop.tricentis.com/wishlist
CUSTOMER SERVICE
Search|http://demowebshop.tricentis.com/search
News|http://demowebshop.tricentis.com/news
Blog|http://demowebshop.tricentis.com/blog
Recently viewed products|http://demowebshop.tricentis.com/recentlyviewedproducts
Compare products list|http://demowebshop.tricentis.com/compareproducts
New products|http://demowebshop.tricentis.com/newproducts
CATEGORIES
Books|http://demowebshop.tricentis.com/books
Computers|http://demowebshop.tricentis.com/computers
Electronics|http://demowebshop.tricentis.com/electronics
Apparel & Shoes|http://demowebshop.tricentis.com/apparel-shoes
Digital downloads|http://demowebshop.tricentis.com/digital-downloads
Jewelry|http://demowebshop.tricentis.com/jewelry
Gift Cards|http://demowebshop.tricentis.com/gift-cards
MANUFACTURERS
Tricentis|http://demowebshop.tricentis.com/tricentis
]]></system-out>
    <system-err><![CDATA[Starting ChromeDriver 97.0.4692.71 (adefa7837d02a07a604c1e6eff0b3a09422ab88d-refs/branch-heads/4692@{#1247}) on port 60250
Only local connections are allowed.
Please see https://chromedriver.chromium.org/security-considerations for suggestions on keeping ChromeDriver safe.
ChromeDriver was started successfully.
Jan 21, 2022 11:07:47 PM org.openqa.selenium.remote.ProtocolHandshake createSession
INFO: Detected dialect: W3C
Jan 21, 2022 11:07:47 PM org.openqa.selenium.devtools.CdpVersionFinder findNearestMatch
WARNING: Unable to find an exact match for CDP version 97, so returning the closest version found: 96
Jan 21, 2022 11:07:47 PM org.openqa.selenium.devtools.CdpVersionFinder findNearestMatch
INFO: Found CDP implementation for version 97 of 96
]]></system-err>
  </testcase>
  <testcase name="testItemDetailsPage" classname="lesson21Practice.tests.testItem.ApparelAndShoesTest" time="4.396">
    <system-out><![CDATA[CustomTshirt | inputCustomText
Blue and green Sneaker
Shoes | selectColor
Shoes | selectColor
Blue and green Sneaker
]]></system-out>
    <system-err><![CDATA[Starting ChromeDriver 97.0.4692.71 (adefa7837d02a07a604c1e6eff0b3a09422ab88d-refs/branch-heads/4692@{#1247}) on port 60575
Only local connections are allowed.
Please see https://chromedriver.chromium.org/security-considerations for suggestions on keeping ChromeDriver safe.
ChromeDriver was started successfully.
Jan 21, 2022 11:07:53 PM org.openqa.selenium.remote.ProtocolHandshake createSession
INFO: Detected dialect: W3C
Jan 21, 2022 11:07:53 PM org.openqa.selenium.devtools.CdpVersionFinder findNearestMatch
WARNING: Unable to find an exact match for CDP version 97, so returning the closest version found: 96
Jan 21, 2022 11:07:53 PM org.openqa.selenium.devtools.CdpVersionFinder findNearestMatch
INFO: Found CDP implementation for version 97 of 96
]]></system-err>
  </testcase>
  <testcase name="testComputerDetailsPage" classname="lesson21Practice.tests.testItem.ComputerTest" time="3.939">
    <system-out><![CDATA[selectProcessorType | CheapComputer
selectRAMType | CheapComputer
selectRAMType | StandardComputer
selectProcessorType | StandardComputer
CustomTshirt | inputCustomText
Build your own cheap computer
]]></system-out>
    <system-err><![CDATA[Starting ChromeDriver 97.0.4692.71 (adefa7837d02a07a604c1e6eff0b3a09422ab88d-refs/branch-heads/4692@{#1247}) on port 61055
Only local connections are allowed.
Please see https://chromedriver.chromium.org/security-considerations for suggestions on keeping ChromeDriver safe.
ChromeDriver was started successfully.
Jan 21, 2022 11:07:57 PM org.openqa.selenium.remote.ProtocolHandshake createSession
INFO: Detected dialect: W3C
Jan 21, 2022 11:07:57 PM org.openqa.selenium.devtools.CdpVersionFinder findNearestMatch
WARNING: Unable to find an exact match for CDP version 97, so returning the closest version found: 96
Jan 21, 2022 11:07:57 PM org.openqa.selenium.devtools.CdpVersionFinder findNearestMatch
INFO: Found CDP implementation for version 97 of 96
]]></system-err>
  </testcase>
</testsuite>